<?xml version="1.0" encoding="utf-8"?><testsuites name="pytest tests"><testsuite name="pytest" errors="0" failures="0" skipped="0" tests="16" time="22.519" timestamp="2026-09-02T18:24:34.491358+00:00" hostname="agent-env-7fba6661-6a23-4623-ab88-fae5ed238489"><testcase classname="tests.backend_test.TestSimulation" name="test_simulate_without_training" time="0.640" /><testcase classname="tests.backend_test.TestDataset" name="test_load_preset_schema" time="0.501" /><testcase classname="tests.backend_test.TestDataset" name="test_get_session" time="0.072" /><testcase classname="tests.backend_test.TestDataset" name="test_get_session_unknown" time="0.074" /><testcase classname="tests.backend_test.TestSimulation" name="test_simulate_unknown_session" time="0.084" /><testcase classname="tests.backend_test.TestDataset" name="test_upload_valid_csv" time="1.129" /><testcase classname="tests.backend_test.TestDataset" name="test_upload_invalid_csv" time="0.092" /><testcase classname="tests.backend_test.TestTraining" name="test_train_unknown_session" time="0.072" /><testcase classname="tests.backend_test.TestTraining" name="test_train_success" time="4.337" /><testcase classname="tests.backend_test.TestSimulation" name="test_simulate_invalid_window" time="4.741" /><testcase classname="tests.backend_test.TestSimulation" name="test_simulate_success" time="0.470" /><testcase classname="tests.backend_test.TestHealth" name="test_root" time="0.083" /><testcase classname="tests.backend_test.TestHealth" name="test_features" time="0.080" /><testcase classname="tests.backend_test.TestTraining" name="test_train_validation_bounds" time="0.069" /><testcase classname="tests.backend_test.TestAiSummary" name="test_summary_requires_pipeline" time="0.067" /><testcase classname="tests.backend_test.TestAiSummary" name="test_summary_success" time="15.556" /></testsuite></testsuites>