<?xml version="1.0" encoding="utf-8"?><testsuites name="pytest tests"><testsuite name="pytest" errors="0" failures="0" skipped="0" tests="24" time="21.197" timestamp="2026-09-02T18:50:30.523751+00:00" hostname="agent-env-7fba6661-6a23-4623-ab88-fae5ed238489"><testcase classname="tests.backend_test.TestUpload" name="test_upload_smartphone_only" time="0.871" /><testcase classname="tests.backend_test.TestPresetVbox" name="test_preset_has_vbox" time="0.732" /><testcase classname="tests.backend_test.TestPresetVbox" name="test_preset_shape" time="0.000" /><testcase classname="tests.backend_test.TestPresetVbox" name="test_preset_preview_gt_fields" time="0.000" /><testcase classname="tests.backend_test.TestPresetVbox" name="test_preset_sensor_series_consistent" time="0.000" /><testcase classname="tests.backend_test.TestPresetVbox" name="test_preset_speed_range_realistic" time="0.000" /><testcase classname="tests.backend_test.TestPresetVbox" name="test_get_session" time="0.072" /><testcase classname="tests.backend_test.TestPresetVbox" name="test_get_session_unknown" time="0.113" /><testcase classname="tests.backend_test.TestUpload" name="test_upload_both_files" time="1.550" /><testcase classname="tests.backend_test.TestTraining" name="test_train_unknown_session" time="0.069" /><testcase classname="tests.backend_test.TestTraining" name="test_train_validation_bounds" time="0.073" /><testcase classname="tests.backend_test.TestUpload" name="test_upload_missing_smartphone_field" time="0.066" /><testcase classname="tests.backend_test.TestUpload" name="test_upload_invalid_smartphone_csv" time="0.070" /><testcase classname="tests.backend_test.TestUpload" name="test_upload_valid_smartphone_garbage_vbox" time="0.707" /><testcase classname="tests.backend_test.TestHealth" name="test_root" time="0.081" /><testcase classname="tests.backend_test.TestHealth" name="test_features" time="0.070" /><testcase classname="tests.backend_test.TestAiSummary" name="test_summary_requires_pipeline" time="0.072" /><testcase classname="tests.backend_test.TestTraining" name="test_train_schema" time="3.856" /><testcase classname="tests.backend_test.TestTraining" name="test_train_accuracy_with_vbox_gt" time="0.000" /><testcase classname="tests.backend_test.TestSimulation" name="test_simulate_without_training" time="0.532" /><testcase classname="tests.backend_test.TestSimulation" name="test_simulate_unknown_session" time="0.071" /><testcase classname="tests.backend_test.TestSimulation" name="test_simulate_invalid_window" time="0.082" /><testcase classname="tests.backend_test.TestSimulation" name="test_simulate_schema_and_isro_target" time="0.457" /><testcase classname="tests.backend_test.TestAiSummary" name="test_summary_success" time="17.181" /></testsuite></testsuites>